<?xml version="1.0" encoding="UTF-8"?>
<testng-results ignored="0" total="2" passed="2" failed="0" skipped="0">
  <reporter-output>
  </reporter-output>
  <suite started-at="2023-12-28T21:29:41 IST" name="Suite" finished-at="2023-12-28T21:31:49 IST" duration-ms="128025">
    <groups>
    </groups>
    <test started-at="2023-12-28T21:29:41 IST" name="Test" finished-at="2023-12-28T21:31:49 IST" duration-ms="128025">
      <class name="Runner.CreateLeadRunner">
        <test-method is-config="true" signature="cloudConection()[pri:0, instance:Runner.CreateLeadRunner@185a6e9]" started-at="2023-12-28T21:29:41 IST" name="cloudConection" finished-at="2023-12-28T21:29:41 IST" duration-ms="26" status="PASS">
          <reporter-output>
          </reporter-output>
        </test-method> <!-- cloudConection -->
        <test-method is-config="true" signature="setfileName()[pri:0, instance:Runner.CreateLeadRunner@185a6e9]" started-at="2023-12-28T21:29:41 IST" name="setfileName" finished-at="2023-12-28T21:29:41 IST" duration-ms="1" status="PASS">
          <reporter-output>
          </reporter-output>
        </test-method> <!-- setfileName -->
        <test-method is-config="true" signature="preCondition()[pri:0, instance:Runner.CreateLeadRunner@185a6e9]" started-at="2023-12-28T21:29:43 IST" name="preCondition" finished-at="2023-12-28T21:29:59 IST" duration-ms="16078" status="PASS">
          <reporter-output>
          </reporter-output>
        </test-method> <!-- preCondition -->
        <test-method signature="runCreate(java.lang.String,java.lang.String,java.lang.String,java.lang.String)[pri:0, instance:Runner.CreateLeadRunner@185a6e9]" started-at="2023-12-28T21:29:59 IST" name="runCreate" data-provider="fetchData" finished-at="2023-12-28T21:30:37 IST" duration-ms="38181" status="PASS">
          <params>
            <param index="0">
              <value>
                <![CDATA[TestLeaf]]>
              </value>
            </param>
            <param index="1">
              <value>
                <![CDATA[vidya]]>
              </value>
            </param>
            <param index="2">
              <value>
                <![CDATA[R]]>
              </value>
            </param>
            <param index="3">
              <value>
                <![CDATA[999]]>
              </value>
            </param>
          </params>
          <reporter-output>
          </reporter-output>
        </test-method> <!-- runCreate -->
        <test-method is-config="true" signature="postCondition()[pri:0, instance:Runner.CreateLeadRunner@185a6e9]" started-at="2023-12-28T21:30:37 IST" name="postCondition" finished-at="2023-12-28T21:30:38 IST" duration-ms="510" status="PASS">
          <reporter-output>
          </reporter-output>
        </test-method> <!-- postCondition -->
        <test-method is-config="true" signature="preCondition()[pri:0, instance:Runner.CreateLeadRunner@185a6e9]" started-at="2023-12-28T21:30:38 IST" name="preCondition" finished-at="2023-12-28T21:30:50 IST" duration-ms="11774" status="PASS">
          <reporter-output>
          </reporter-output>
        </test-method> <!-- preCondition -->
        <test-method signature="runCreate(java.lang.String,java.lang.String,java.lang.String,java.lang.String)[pri:0, instance:Runner.CreateLeadRunner@185a6e9]" started-at="2023-12-28T21:30:50 IST" name="runCreate" data-provider="fetchData" finished-at="2023-12-28T21:31:48 IST" duration-ms="58857" status="PASS">
          <params>
            <param index="0">
              <value>
                <![CDATA[Qeagle]]>
              </value>
            </param>
            <param index="1">
              <value>
                <![CDATA[Gokul]]>
              </value>
            </param>
            <param index="2">
              <value>
                <![CDATA[M]]>
              </value>
            </param>
            <param index="3">
              <value>
                <![CDATA[888]]>
              </value>
            </param>
          </params>
          <reporter-output>
          </reporter-output>
        </test-method> <!-- runCreate -->
        <test-method is-config="true" signature="postCondition()[pri:0, instance:Runner.CreateLeadRunner@185a6e9]" started-at="2023-12-28T21:31:48 IST" name="postCondition" finished-at="2023-12-28T21:31:49 IST" duration-ms="728" status="PASS">
          <reporter-output>
          </reporter-output>
        </test-method> <!-- postCondition -->
        <test-method is-config="true" signature="disConection()[pri:0, instance:Runner.CreateLeadRunner@185a6e9]" started-at="2023-12-28T21:31:49 IST" name="disConection" finished-at="2023-12-28T21:31:49 IST" duration-ms="1" status="PASS">
          <reporter-output>
          </reporter-output>
        </test-method> <!-- disConection -->
      </class> <!-- Runner.CreateLeadRunner -->
    </test> <!-- Test -->
  </suite> <!-- Suite -->
</testng-results>
